{"logTime": "0902/124332", "correlationVector":"AOX/RdPbqjIiUILC60Vsze.1","action":"SyncServerConnectionManagerRequest", "result":"SYNC_SERVER_OK", "context":{"environment":"Prod_NorthEurope_x00f", "migrationStage":"NotStarted", "server":"GENERAL0100001X"}}
{"logTime": "0902/124335", "correlationVector":"jj4zXdizwguVWy7yoj7N6u","action":"SyncServerConnectionManagerRequest", "result":"SYNC_SERVER_OK", "context":{"environment":"", "migrationStage":"", "server":""}}
{"logTime": "0902/124335", "correlationVector":"AOX/RdPbqjIiUILC60Vsze","action":"Initial GetUpdates", "result":"", "context":Reason: NEW_CLIENT. cV=AOX/RdPbqjIiUILC60Vsze}
{"logTime": "0902/124335", "correlationVector":"AOX/RdPbqjIiUILC60Vsze.2","action":"GetUpdates Response", "result":"Success", "context":Received 1 update(s). cV=AOX/RdPbqjIiUILC60Vsze.0;server=GENERAL0100001X;cloudType=Consumer;environment=Prod_NorthEurope_x00f;migrationStage=NotStarted}
{"logTime": "0902/124335", "correlationVector":"GS7r6mzYJ4gkmQC+zEHKtp","action":"Initial GetUpdates", "result":"", "context":Reason: NEW_CLIENT. cV=GS7r6mzYJ4gkmQC+zEHKtp}
{"logTime": "0902/124335", "correlationVector":"GS7r6mzYJ4gkmQC+zEHKtp.1","action":"SyncServerConnectionManagerRequest", "result":"SYNC_SERVER_OK", "context":{"environment":"Prod_WestEurope_000l", "migrationStage":"NotStarted", "server":"GENERAL01000003"}}
{"logTime": "0902/124335", "correlationVector":"GS7r6mzYJ4gkmQC+zEHKtp.2","action":"GetUpdates Response", "result":"Success", "context":Received 0 update(s). cV=GS7r6mzYJ4gkmQC+zEHKtp.0;server=GENERAL01000003;cloudType=Consumer;environment=Prod_WestEurope_000l;migrationStage=NotStarted}
{"logTime": "0902/124335", "correlationVector":"6Rxnebytq3Q9RV2sK34Zcf","action":"Initial GetUpdates", "result":"", "context":Reason: NEW_CLIENT. cV=6Rxnebytq3Q9RV2sK34Zcf}
{"logTime": "0902/124335", "correlationVector":"6Rxnebytq3Q9RV2sK34Zcf.1","action":"SyncServerConnectionManagerRequest", "result":"SYNC_SERVER_OK", "context":{"environment":"Prod_WestEurope_000l", "migrationStage":"NotStarted", "server":"GENERAL0100001N"}}
{"logTime": "0902/124335", "correlationVector":"6Rxnebytq3Q9RV2sK34Zcf.2","action":"GetUpdates Response", "result":"Success", "context":Received 5 update(s). cV=6Rxnebytq3Q9RV2sK34Zcf.0;server=GENERAL0100001N;cloudType=Consumer;environment=Prod_WestEurope_000l;migrationStage=NotStarted}
{"logTime": "0902/124335", "correlationVector":"WKIVKJXaBEXw45PWRk9nIV","action":"Initial GetUpdates", "result":"", "context":Reason: NEW_CLIENT. cV=WKIVKJXaBEXw45PWRk9nIV}
{"logTime": "0902/124335", "correlationVector":"WKIVKJXaBEXw45PWRk9nIV.1","action":"SyncServerConnectionManagerRequest", "result":"SYNC_SERVER_OK", "context":{"environment":"Prod_WestEurope_000l", "migrationStage":"NotStarted", "server":"GENERAL0100000T"}}
{"logTime": "0902/124335", "correlationVector":"WKIVKJXaBEXw45PWRk9nIV.2","action":"GetUpdates Response", "result":"Success", "context":Received 1 update(s). cV=WKIVKJXaBEXw45PWRk9nIV.0;server=GENERAL0100000T;cloudType=Consumer;environment=Prod_WestEurope_000l;migrationStage=NotStarted}
{"logTime": "0902/124335", "correlationVector":"5/Nxq3s1WeSMVcOnt5Lmpf","action":"Normal GetUpdate request", "result":"", "context":cV=5/Nxq3s1WeSMVcOnt5Lmpf
Nudged types: Preferences, Sessions, Device Info, Encryption Keys
Refresh requested types: Bookmarks, Preferences, Passwords, Autofill Profiles, Autofill, Typed URLs, Extensions, Sessions, Extension settings, History Delete Directives, Device Info, User Consents, Send Tab To Self, Web Apps, Collection, Edge E Drop, Edge Hub App Usage, Edge Tab Group, Edge Wallet, Encryption Keys}
{"logTime": "0902/124336", "correlationVector":"5/Nxq3s1WeSMVcOnt5Lmpf.1","action":"SyncServerConnectionManagerRequest", "result":"SYNC_SERVER_OK", "context":{"environment":"Prod_WestEurope_000l", "migrationStage":"NotStarted", "server":"GENERAL0100000V"}}
{"logTime": "0902/124336", "correlationVector":"5/Nxq3s1WeSMVcOnt5Lmpf.2","action":"GetUpdates Response", "result":"Success", "context":Received 0 update(s). cV=5/Nxq3s1WeSMVcOnt5Lmpf.0;server=GENERAL0100000V;cloudType=Consumer;environment=Prod_WestEurope_000l;migrationStage=NotStarted}
{"logTime": "0902/124336", "correlationVector":"AJOjQD0Z5BKTHx4Vb7Ug7U","action":"Commit Request", "result":"", "context":Item count: 1
Contributing types: Encryption Keys}
{"logTime": "0902/124336", "correlationVector":"AJOjQD0Z5BKTHx4Vb7Ug7U.1","action":"SyncServerConnectionManagerRequest", "result":"SYNC_SERVER_OK", "context":{"environment":"Prod_WestEurope_000l", "migrationStage":"NotStarted", "server":"GENERAL0100001G"}}
{"logTime": "0902/124336", "correlationVector":"AJOjQD0Z5BKTHx4Vb7Ug7U.2","action":"Commit Response", "result":"Success", "context":Result: Success. cV=AJOjQD0Z5BKTHx4Vb7Ug7U.0;server=GENERAL0100001G;cloudType=Consumer;environment=Prod_WestEurope_000l;migrationStage=NotStarted}
{"logTime": "0902/124336", "correlationVector":"AUgFIAmGdOjLVvrFEiiL66","action":"Commit Request", "result":"", "context":Item count: 18
Contributing types: Preferences, Sessions, Device Info}
{"logTime": "0902/124337", "correlationVector":"AUgFIAmGdOjLVvrFEiiL66.1","action":"SyncServerConnectionManagerRequest", "result":"SYNC_SERVER_OK", "context":{"environment":"Prod_WestEurope_000l", "migrationStage":"NotStarted", "server":"GENERAL01000009"}}
{"logTime": "0902/124337", "correlationVector":"AUgFIAmGdOjLVvrFEiiL66.2","action":"Commit Response", "result":"Success", "context":Result: Success. cV=AUgFIAmGdOjLVvrFEiiL66.0;server=GENERAL01000009;cloudType=Consumer;environment=Prod_WestEurope_000l;migrationStage=NotStarted}
{"logTime": "0902/124337", "correlationVector":"Kah1OxlwQjb1stM31mq7pr","action":"Normal GetUpdate request", "result":"", "context":cV=Kah1OxlwQjb1stM31mq7pr
Nudged types: Preferences, Sessions, Device Info}
{"logTime": "0902/124337", "correlationVector":"Kah1OxlwQjb1stM31mq7pr.1","action":"SyncServerConnectionManagerRequest", "result":"SYNC_SERVER_OK", "context":{"environment":"Prod_WestEurope_x00e", "migrationStage":"NotStarted", "server":"GENERAL0200001K"}}
{"logTime": "0902/124337", "correlationVector":"Kah1OxlwQjb1stM31mq7pr.2","action":"GetUpdates Response", "result":"Success", "context":Received 19 update(s). cV=Kah1OxlwQjb1stM31mq7pr.0;server=GENERAL0200001K;cloudType=Consumer;environment=Prod_WestEurope_x00e;migrationStage=NotStarted}
{"logTime": "0902/124337", "correlationVector":"v9sZ9JphpNszgavWNs3hxQ","action":"DoCompareDataConsistency requsted types: ", "result":"Bookmarks, Preferences, Passwords, Typed URLs, Extensions, Extension settings, History Delete Directives, Send Tab To Self, Web Apps, Collection, Edge E Drop, Edge Tab Group, Edge Wallet, Encryption Keys"}
{"logTime": "0902/124337", "correlationVector":"v9sZ9JphpNszgavWNs3hxQ.0","action":"CompareDataConsistency result: ", "result":"Compare result: Encryption Keys is consistent. local entities count is: 1 local entities hash is: uhaqlPsvjtfZRw/nTL1MeRgoOfk="}
{"logTime": "0902/124337", "correlationVector":"v9sZ9JphpNszgavWNs3hxQ.1","action":"CompareDataConsistency result: ", "result":"Compare result: Bookmarks is consistent. local entities count is: 3 local entities hash is: 4gyjwDFIxnn6pQsidJBSmFrzFlI="}
{"logTime": "0902/124337", "correlationVector":"v9sZ9JphpNszgavWNs3hxQ.2","action":"CompareDataConsistency result: ", "result":"Compare result: Preferences is consistent. local entities count is: 16 local entities hash is: 7XFoMrydm9h8j3aFBREbR9m19RQ="}
{"logTime": "0902/124337", "correlationVector":"v9sZ9JphpNszgavWNs3hxQ.3","action":"CompareDataConsistency result: ", "result":"Compare result: Passwords is consistent. local entities count is: 0 local entities hash is: "}
{"logTime": "0902/124337", "correlationVector":"v9sZ9JphpNszgavWNs3hxQ.4","action":"CompareDataConsistency result: ", "result":"Server did not send this Typed URLs local entities count is: 0 local entities hash is: "}
{"logTime": "0902/124337", "correlationVector":"v9sZ9JphpNszgavWNs3hxQ.5","action":"CompareDataConsistency result: ", "result":"Compare result: Extensions is consistent. local entities count is: 0 local entities hash is: "}
{"logTime": "0902/124337", "correlationVector":"v9sZ9JphpNszgavWNs3hxQ.6","action":"CompareDataConsistency result: ", "result":"Compare result: Extension settings is consistent. local entities count is: 0 local entities hash is: "}
{"logTime": "0902/124337", "correlationVector":"v9sZ9JphpNszgavWNs3hxQ.7","action":"CompareDataConsistency result: ", "result":"Compare result: History Delete Directives is consistent. local entities count is: 0 local entities hash is: "}
{"logTime": "0902/124337", "correlationVector":"v9sZ9JphpNszgavWNs3hxQ.8","action":"CompareDataConsistency result: ", "result":"Server did not send this Send Tab To Self local entities count is: 0 local entities hash is: "}
{"logTime": "0902/124337", "correlationVector":"v9sZ9JphpNszgavWNs3hxQ.9","action":"CompareDataConsistency result: ", "result":"Compare result: Web Apps is consistent. local entities count is: 0 local entities hash is: "}
{"logTime": "0902/124337", "correlationVector":"v9sZ9JphpNszgavWNs3hxQ.10","action":"CompareDataConsistency result: ", "result":"Compare result: Collection is consistent. local entities count is: 0 local entities hash is: "}
{"logTime": "0902/124337", "correlationVector":"v9sZ9JphpNszgavWNs3hxQ.11","action":"CompareDataConsistency result: ", "result":"Compare result: Edge E Drop is consistent. local entities count is: 0 local entities hash is: "}
{"logTime": "0902/124337", "correlationVector":"v9sZ9JphpNszgavWNs3hxQ.12","action":"CompareDataConsistency result: ", "result":"Compare result: Edge Tab Group is consistent. local entities count is: 0 local entities hash is: "}
{"logTime": "0902/124337", "correlationVector":"v9sZ9JphpNszgavWNs3hxQ.13","action":"CompareDataConsistency result: ", "result":"Compare result: Edge Wallet is consistent. local entities count is: 0 local entities hash is: "}
{"logTime": "0902/124337", "correlationVector":"","action":"DIAGNOSTIC_REQUEST|v1/diagnosticData/Diagnostic.SendCheckResult()|SUCCESS", "result":""}
{"logTime": "0902/124401", "correlationVector":"CzTuOeDNaKREZEhiGyw3Rd","action":"Commit Request", "result":"", "context":Item count: 1
Contributing types: Preferences}
{"logTime": "0902/124402", "correlationVector":"CzTuOeDNaKREZEhiGyw3Rd.1","action":"SyncServerConnectionManagerRequest", "result":"SYNC_SERVER_OK", "context":{"environment":"Prod_WestEurope_000l", "migrationStage":"NotStarted", "server":"GENERAL01000014"}}
{"logTime": "0902/124402", "correlationVector":"CzTuOeDNaKREZEhiGyw3Rd.2","action":"Commit Response", "result":"Success", "context":Result: Success. cV=CzTuOeDNaKREZEhiGyw3Rd.0;server=GENERAL01000014;cloudType=Consumer;environment=Prod_WestEurope_000l;migrationStage=NotStarted}
{"logTime": "0902/124830", "correlationVector":"Nid3WWwwt5Ah1pDFEnLitA","action":"Normal GetUpdate request", "result":"", "context":cV=Nid3WWwwt5Ah1pDFEnLitA
Refresh requested types: Bookmarks, Preferences, Passwords, Autofill Profiles, Autofill, Typed URLs, Extensions, Sessions, Extension settings, History Delete Directives, Device Info, User Consents, Send Tab To Self, Web Apps, Collection, Edge E Drop, Edge Hub App Usage, Edge Tab Group, Edge Wallet, Encryption Keys}
{"logTime": "0902/124830", "correlationVector":"Nid3WWwwt5Ah1pDFEnLitA","action":"SyncServerConnectionManagerRequest", "result":"CONNECTION_UNAVAILABLE", "context":{"error_type":"net_error_code", "error_value":"-106"}}
{"logTime": "0902/124830", "correlationVector":"sLLs2j8NB6SwSTd+g2zhig.0","action":"GetUpdates Response", "result":"Network error (ERR_INTERNET_DISCONNECTED)", "context":Received error: Network error (ERR_INTERNET_DISCONNECTED). }
{"logTime": "0902/124945", "correlationVector":"InxxKaV1lmTtDJLVCywXxI","action":"Normal GetUpdate request", "result":"", "context":cV=InxxKaV1lmTtDJLVCywXxI
Refresh requested types: Bookmarks, Preferences, Passwords, Autofill Profiles, Autofill, Typed URLs, Extensions, Sessions, Extension settings, History Delete Directives, Device Info, User Consents, Send Tab To Self, Web Apps, Collection, Edge E Drop, Edge Hub App Usage, Edge Tab Group, Edge Wallet, Encryption Keys}
{"logTime": "0902/124945", "correlationVector":"InxxKaV1lmTtDJLVCywXxI","action":"SyncServerConnectionManagerRequest", "result":"CONNECTION_UNAVAILABLE", "context":{"error_type":"net_error_code", "error_value":"-106"}}
{"logTime": "0902/124945", "correlationVector":"HolGg7xoKI1NBEByux9SzI.0","action":"GetUpdates Response", "result":"Network error (ERR_INTERNET_DISCONNECTED)", "context":Received error: Network error (ERR_INTERNET_DISCONNECTED). }
{"logTime": "0902/125253", "correlationVector":"oXdEa0RUDjSzbKZBtK4G2A","action":"Normal GetUpdate request", "result":"", "context":cV=oXdEa0RUDjSzbKZBtK4G2A
Refresh requested types: Bookmarks, Preferences, Passwords, Autofill Profiles, Autofill, Typed URLs, Extensions, Sessions, Extension settings, History Delete Directives, Device Info, User Consents, Send Tab To Self, Web Apps, Collection, Edge E Drop, Edge Hub App Usage, Edge Tab Group, Edge Wallet, Encryption Keys}
{"logTime": "0902/125253", "correlationVector":"oXdEa0RUDjSzbKZBtK4G2A","action":"SyncServerConnectionManagerRequest", "result":"CONNECTION_UNAVAILABLE", "context":{"error_type":"net_error_code", "error_value":"-106"}}
{"logTime": "0902/125253", "correlationVector":"N7ZLFj74TRmNCrghjruLVO.0","action":"GetUpdates Response", "result":"Network error (ERR_INTERNET_DISCONNECTED)", "context":Received error: Network error (ERR_INTERNET_DISCONNECTED). }
{"logTime": "0902/125753", "correlationVector":"YYkm2TeaJrcongkPR4s4zB","action":"Initial GetUpdates", "result":"", "context":Reason: RECONFIGURATION. cV=YYkm2TeaJrcongkPR4s4zB}
{"logTime": "0902/125756", "correlationVector":"YYkm2TeaJrcongkPR4s4zB","action":"SyncServerConnectionManagerRequest", "result":"CONNECTION_UNAVAILABLE", "context":{"error_type":"net_error_code", "error_value":"-21"}}
{"logTime": "0902/125756", "correlationVector":"bOC198lwwTJJ6PHr5vbPcB.0","action":"GetUpdates Response", "result":"Network error (ERR_NETWORK_CHANGED)", "context":Received error: Network error (ERR_NETWORK_CHANGED). }
{"logTime": "0902/125757", "correlationVector":"/SW3A8EmQZffk8Hal6QXxD","action":"Initial GetUpdates", "result":"", "context":Reason: RECONFIGURATION. cV=/SW3A8EmQZffk8Hal6QXxD}
{"logTime": "0902/125758", "correlationVector":"/SW3A8EmQZffk8Hal6QXxD.1","action":"SyncServerConnectionManagerRequest", "result":"SYNC_SERVER_OK", "context":{"environment":"Prod_WestEurope_000l", "migrationStage":"NotStarted", "server":"GENERAL01000001"}}
{"logTime": "0902/125758", "correlationVector":"/SW3A8EmQZffk8Hal6QXxD.2","action":"GetUpdates Response", "result":"Success", "context":Received 1 update(s). cV=/SW3A8EmQZffk8Hal6QXxD.0;server=GENERAL01000001;cloudType=Consumer;environment=Prod_WestEurope_000l;migrationStage=NotStarted}
{"logTime": "0902/125758", "correlationVector":"WhXugUdjC8CvNgqOgMASfK","action":"Normal GetUpdate request", "result":"", "context":cV=WhXugUdjC8CvNgqOgMASfK
Nudged types: Preferences, Sessions
Refresh requested types: Bookmarks, Preferences, Passwords, Autofill Profiles, Autofill, Typed URLs, Extensions, Sessions, Extension settings, History Delete Directives, Device Info, User Consents, Send Tab To Self, Web Apps, Collection, Edge E Drop, Edge Hub App Usage, Edge Tab Group, Edge Wallet, Encryption Keys}
{"logTime": "0902/125758", "correlationVector":"WhXugUdjC8CvNgqOgMASfK.1","action":"SyncServerConnectionManagerRequest", "result":"SYNC_SERVER_OK", "context":{"environment":"Prod_WestEurope_000l", "migrationStage":"NotStarted", "server":"GENERAL01000007"}}
{"logTime": "0902/125758", "correlationVector":"WhXugUdjC8CvNgqOgMASfK.2","action":"GetUpdates Response", "result":"Success", "context":Received 1 update(s). cV=WhXugUdjC8CvNgqOgMASfK.0;server=GENERAL01000007;cloudType=Consumer;environment=Prod_WestEurope_000l;migrationStage=NotStarted}
{"logTime": "0902/125758", "correlationVector":"XkHN5MrrtXae3rrMd7O/L1","action":"Commit Request", "result":"", "context":Item count: 5
Contributing types: Preferences, Sessions}
{"logTime": "0902/125759", "correlationVector":"XkHN5MrrtXae3rrMd7O/L1.1","action":"SyncServerConnectionManagerRequest", "result":"SYNC_SERVER_OK", "context":{"environment":"Prod_WestEurope_000l", "migrationStage":"NotStarted", "server":"GENERAL0100001G"}}
{"logTime": "0902/125759", "correlationVector":"XkHN5MrrtXae3rrMd7O/L1.2","action":"Commit Response", "result":"Success", "context":Result: Success. cV=XkHN5MrrtXae3rrMd7O/L1.0;server=GENERAL0100001G;cloudType=Consumer;environment=Prod_WestEurope_000l;migrationStage=NotStarted}
{"logTime": "0902/125759", "correlationVector":"n+T6e15djXC+KI+dYqCy1W","action":"Normal GetUpdate request", "result":"", "context":cV=n+T6e15djXC+KI+dYqCy1W
Nudged types: Preferences, Sessions
Refresh requested types: Bookmarks, Preferences, Passwords, Autofill Profiles, Autofill, Typed URLs, Extensions, Sessions, Extension settings, History Delete Directives, Device Info, User Consents, Send Tab To Self, Web Apps, Collection, Edge E Drop, Edge Hub App Usage, Edge Tab Group, Edge Wallet, Encryption Keys}
{"logTime": "0902/125759", "correlationVector":"n+T6e15djXC+KI+dYqCy1W.1","action":"SyncServerConnectionManagerRequest", "result":"SYNC_SERVER_OK", "context":{"environment":"Prod_WestEurope_000l", "migrationStage":"NotStarted", "server":"GENERAL0100000D"}}
{"logTime": "0902/125759", "correlationVector":"n+T6e15djXC+KI+dYqCy1W.2","action":"GetUpdates Response", "result":"Success", "context":Received 5 update(s). cV=n+T6e15djXC+KI+dYqCy1W.0;server=GENERAL0100000D;cloudType=Consumer;environment=Prod_WestEurope_000l;migrationStage=NotStarted}
{"logTime": "0902/125759", "correlationVector":"f6UXx+lQ4BAMwgmQMAJ/Uz","action":"Commit Request", "result":"", "context":Item count: 3
Contributing types: Sessions}
{"logTime": "0902/125802", "correlationVector":"f6UXx+lQ4BAMwgmQMAJ/Uz.1","action":"SyncServerConnectionManagerRequest", "result":"SYNC_SERVER_OK", "context":{"environment":"Prod_WestEurope_000l", "migrationStage":"NotStarted", "server":"GENERAL0100000H"}}
{"logTime": "0902/125802", "correlationVector":"f6UXx+lQ4BAMwgmQMAJ/Uz.2","action":"Commit Response", "result":"Success", "context":Result: Success. cV=f6UXx+lQ4BAMwgmQMAJ/Uz.0;server=GENERAL0100000H;cloudType=Consumer;environment=Prod_WestEurope_000l;migrationStage=NotStarted}
{"logTime": "0902/125818", "correlationVector":"WM4iyaPrwg/rbYLPMtELFI","action":"Normal GetUpdate request", "result":"", "context":cV=WM4iyaPrwg/rbYLPMtELFI
Nudged types: Preferences, Sessions, Edge Hub App Usage}
{"logTime": "0902/125818", "correlationVector":"WM4iyaPrwg/rbYLPMtELFI.1","action":"SyncServerConnectionManagerRequest", "result":"SYNC_SERVER_OK", "context":{"environment":"Prod_WestEurope_000l", "migrationStage":"NotStarted", "server":"GENERAL0100000D"}}
{"logTime": "0902/125818", "correlationVector":"WM4iyaPrwg/rbYLPMtELFI.2","action":"GetUpdates Response", "result":"Success", "context":Received 3 update(s). cV=WM4iyaPrwg/rbYLPMtELFI.0;server=GENERAL0100000D;cloudType=Consumer;environment=Prod_WestEurope_000l;migrationStage=NotStarted}
{"logTime": "0902/125818", "correlationVector":"ARz8X9rU6QOjOT7ENNb8+J","action":"Commit Request", "result":"", "context":Item count: 11
Contributing types: Preferences, Sessions, Edge Hub App Usage}
{"logTime": "0902/125819", "correlationVector":"ARz8X9rU6QOjOT7ENNb8+J.1","action":"SyncServerConnectionManagerRequest", "result":"SYNC_SERVER_OK", "context":{"environment":"Prod_WestEurope_000l", "migrationStage":"NotStarted", "server":"GENERAL01000006"}}
{"logTime": "0902/125819", "correlationVector":"ARz8X9rU6QOjOT7ENNb8+J.2","action":"Commit Response", "result":"Success", "context":Result: Success. cV=ARz8X9rU6QOjOT7ENNb8+J.0;server=GENERAL01000006;cloudType=Consumer;environment=Prod_WestEurope_000l;migrationStage=NotStarted}
{"logTime": "0902/125846", "correlationVector":"5gcwjv5ehHYU91eKQl3/Xe","action":"Commit Request", "result":"", "context":Item count: 5
Contributing types: Preferences, Sessions}
{"logTime": "0902/125847", "correlationVector":"5gcwjv5ehHYU91eKQl3/Xe.1","action":"SyncServerConnectionManagerRequest", "result":"SYNC_SERVER_OK", "context":{"environment":"Prod_WestEurope_000l", "migrationStage":"NotStarted", "server":"GENERAL01000007"}}
{"logTime": "0902/125847", "correlationVector":"5gcwjv5ehHYU91eKQl3/Xe.2","action":"Commit Response", "result":"Success", "context":Result: Success. cV=5gcwjv5ehHYU91eKQl3/Xe.0;server=GENERAL01000007;cloudType=Consumer;environment=Prod_WestEurope_000l;migrationStage=NotStarted}
{"logTime": "0902/130259", "correlationVector":"arlSU6afIwXyQbfYPxEZRF","action":"Normal GetUpdate request", "result":"", "context":cV=arlSU6afIwXyQbfYPxEZRF
Nudged types: Sessions
Refresh requested types: Bookmarks, Preferences, Passwords, Autofill Profiles, Autofill, Typed URLs, Extensions, Sessions, Extension settings, History Delete Directives, Device Info, User Consents, Send Tab To Self, Web Apps, Collection, Edge E Drop, Edge Hub App Usage, Edge Tab Group, Edge Wallet, Encryption Keys}
{"logTime": "0902/130259", "correlationVector":"arlSU6afIwXyQbfYPxEZRF.1","action":"SyncServerConnectionManagerRequest", "result":"SYNC_SERVER_OK", "context":{"environment":"Prod_WestEurope_000l", "migrationStage":"NotStarted", "server":"GENERAL01000009"}}
{"logTime": "0902/130259", "correlationVector":"arlSU6afIwXyQbfYPxEZRF.2","action":"GetUpdates Response", "result":"Success", "context":Received 14 update(s). cV=arlSU6afIwXyQbfYPxEZRF.0;server=GENERAL01000009;cloudType=Consumer;environment=Prod_WestEurope_000l;migrationStage=NotStarted}
{"logTime": "0902/130259", "correlationVector":"kvNs3L444BiJi5tgK4L5oz","action":"Commit Request", "result":"", "context":Item count: 2
Contributing types: Sessions}
{"logTime": "0902/130300", "correlationVector":"kvNs3L444BiJi5tgK4L5oz.1","action":"SyncServerConnectionManagerRequest", "result":"SYNC_SERVER_OK", "context":{"environment":"Prod_NorthEurope_000h", "migrationStage":"NotStarted", "server":"GENERAL0100001L"}}
{"logTime": "0902/130300", "correlationVector":"kvNs3L444BiJi5tgK4L5oz.2","action":"Commit Response", "result":"Success", "context":Result: Success. cV=kvNs3L444BiJi5tgK4L5oz.0;server=GENERAL0100001L;cloudType=Consumer;environment=Prod_NorthEurope_000h;migrationStage=NotStarted}
{"logTime": "0902/162540", "correlationVector":"f82AtiYfjweA2diDNyROlh","action":"Normal GetUpdate request", "result":"", "context":cV=f82AtiYfjweA2diDNyROlh
Nudged types: Sessions}
{"logTime": "0902/162542", "correlationVector":"f82AtiYfjweA2diDNyROlh","action":"SyncServerConnectionManagerRequest", "result":"CONNECTION_UNAVAILABLE", "context":{"error_type":"net_error_code", "error_value":"-106"}}
{"logTime": "0902/162542", "correlationVector":"BVeSANXZJPokV1uAcwSkzP.0","action":"GetUpdates Response", "result":"Network error (ERR_INTERNET_DISCONNECTED)", "context":Received error: Network error (ERR_INTERNET_DISCONNECTED). }
{"logTime": "0902/162627", "correlationVector":"eAFm6+q1w3gFuXEwoUCQN+","action":"Normal GetUpdate request", "result":"", "context":cV=eAFm6+q1w3gFuXEwoUCQN+
Nudged types: Sessions}
{"logTime": "0902/162627", "correlationVector":"eAFm6+q1w3gFuXEwoUCQN+","action":"SyncServerConnectionManagerRequest", "result":"CONNECTION_UNAVAILABLE", "context":{"error_type":"net_error_code", "error_value":"-106"}}
{"logTime": "0902/162627", "correlationVector":"/w7syAxT3faIIlf2Hr0dPY.0","action":"GetUpdates Response", "result":"Network error (ERR_INTERNET_DISCONNECTED)", "context":Received error: Network error (ERR_INTERNET_DISCONNECTED). }
{"logTime": "0902/162819", "correlationVector":"Zy9Lg29rvDQDZYzjJw/yio","action":"Normal GetUpdate request", "result":"", "context":cV=Zy9Lg29rvDQDZYzjJw/yio
Nudged types: Sessions}
{"logTime": "0902/162820", "correlationVector":"Zy9Lg29rvDQDZYzjJw/yio.1","action":"SyncServerConnectionManagerRequest", "result":"SYNC_SERVER_OK", "context":{"environment":"Prod_WestEurope_000l", "migrationStage":"NotStarted", "server":"GENERAL0100000U"}}
{"logTime": "0902/162820", "correlationVector":"Zy9Lg29rvDQDZYzjJw/yio.2","action":"GetUpdates Response", "result":"Success", "context":Received 2 update(s). cV=Zy9Lg29rvDQDZYzjJw/yio.0;server=GENERAL0100000U;cloudType=Consumer;environment=Prod_WestEurope_000l;migrationStage=NotStarted}
{"logTime": "0902/162821", "correlationVector":"Pcf6Uw1Iw8FcvS30Bli/bZ","action":"Normal GetUpdate request", "result":"", "context":cV=Pcf6Uw1Iw8FcvS30Bli/bZ
Refresh requested types: Bookmarks, Preferences, Passwords, Autofill Profiles, Autofill, Typed URLs, Extensions, Sessions, Extension settings, History Delete Directives, Device Info, User Consents, Send Tab To Self, Web Apps, Collection, Edge E Drop, Edge Hub App Usage, Edge Tab Group, Edge Wallet, Encryption Keys}
{"logTime": "0902/162821", "correlationVector":"Pcf6Uw1Iw8FcvS30Bli/bZ.1","action":"SyncServerConnectionManagerRequest", "result":"SYNC_SERVER_OK", "context":{"environment":"Prod_WestEurope_000l", "migrationStage":"NotStarted", "server":"GENERAL01000011"}}
{"logTime": "0902/162821", "correlationVector":"Pcf6Uw1Iw8FcvS30Bli/bZ.2","action":"GetUpdates Response", "result":"Success", "context":Received 0 update(s). cV=Pcf6Uw1Iw8FcvS30Bli/bZ.0;server=GENERAL01000011;cloudType=Consumer;environment=Prod_WestEurope_000l;migrationStage=NotStarted}
{"logTime": "0902/172252", "correlationVector":"C7PAaTWkKWD1HACPLDZYvq","action":"Normal GetUpdate request", "result":"", "context":cV=C7PAaTWkKWD1HACPLDZYvq
Refresh requested types: Bookmarks, Preferences, Passwords, Autofill Profiles, Autofill, Typed URLs, Extensions, Sessions, Extension settings, History Delete Directives, Device Info, User Consents, Send Tab To Self, Web Apps, Collection, Edge E Drop, Edge Hub App Usage, Edge Tab Group, Edge Wallet, Encryption Keys}
{"logTime": "0902/172253", "correlationVector":"C7PAaTWkKWD1HACPLDZYvq.1","action":"SyncServerConnectionManagerRequest", "result":"SYNC_SERVER_OK", "context":{"environment":"Prod_WestEurope_000l", "migrationStage":"NotStarted", "server":"GENERAL0100000S"}}
{"logTime": "0902/172253", "correlationVector":"C7PAaTWkKWD1HACPLDZYvq.2","action":"GetUpdates Response", "result":"Success", "context":Received 0 update(s). cV=C7PAaTWkKWD1HACPLDZYvq.0;server=GENERAL0100000S;cloudType=Consumer;environment=Prod_WestEurope_000l;migrationStage=NotStarted}
{"logTime": "0902/220501", "correlationVector":"5U+cY4aSbR0Fmd67RBDV4J","action":"Poll GetUpdate request", "result":"", "context":cV=5U+cY4aSbR0Fmd67RBDV4J}
{"logTime": "0902/220505", "correlationVector":"5U+cY4aSbR0Fmd67RBDV4J.1","action":"SyncServerConnectionManagerRequest", "result":"SYNC_AUTH_ERROR", "context":{"environment":"Prod_WestEurope_000l", "migrationStage":"NotStarted", "server":"GENERAL0100000L"}}
{"logTime": "0902/220505", "correlationVector":"5U+cY4aSbR0Fmd67RBDV4J.2","action":"GetUpdates Response", "result":"HTTP error (401)", "context":Received error: HTTP error (401). cV=5U+cY4aSbR0Fmd67RBDV4J.0;server=GENERAL0100000L;cloudType=Undetermined;environment=Prod_WestEurope_000l;migrationStage=NotStarted}
